{"logTime": "0112/102218", "correlationVector":"7Vz00XSal+n8FkrFUodpye","action":"SyncServerConnectionManagerRequest", "result":"CONNECTION_UNAVAILABLE", "context":{"error_type":"net_error_code", "error_value":"-15"}}
{"logTime": "0112/102232", "correlationVector":"rRzgOB0sQtMjv5hbsHJVw2.1","action":"SyncServerConnectionManagerRequest", "result":"SYNC_SERVER_OK", "context":{"environment":"", "migrationStage":"", "server":""}}
{"logTime": "0112/102232", "correlationVector":"rRzgOB0sQtMjv5hbsHJVw2.2","action":"EncryptionKeysFetcher.DownloadKeys:", "result":"Success", "context":Key count: 5, Last key timestamp: 2025-11-26T05:46:24Z}
{"logTime": "0112/102232", "correlationVector":"rRzgOB0sQtMjv5hbsHJVw2.3","action":"EncryptionKeysManager::SetEncryptionKeys:", "result":"Success", "context":Key names[5]:[krcWGhr3TG94X5ZJRcGqPoARJkdq2QZlkNax8/OF7NbY431CnEtYCgiU69aIds37QHp/JA/s3o1TwX7LW0qbBA==][y8puGf6TX7whoVzb6+CUtT7U2XTH0EcGMLF6prpo1RSMdmwztOyxjCtksaVcE4PAj5kIlv40CRD9G3jl6jQndg==][9q0MBPLUpc5HSONa2lMt8dAWupTVI8RejRCCRhN3lGu50TQjeC3iiHJb3mxKpq38T/wPJenm8+FzCf2gVtHr8w==][6c5XiMwzgp2vY2c//yhDua1CYyl4sUS2m+lZj4yBryQHy+Oc7oe+3fRU24jJ/GRzF3MKUQi80g/y+U2UaeN7YQ==][IXIKyn49Xin2hzb2mlR4yxdTFvIQ0S/lXx525RIpHFCcvs3kHIsI1zkQkWnVxwLNIAnpsQ3tZe+bbAsi5bf9GQ==]}
{"logTime": "0112/102232", "correlationVector":"rRzgOB0sQtMjv5hbsHJVw2.4","action":"EncryptionKeysManager::SetEncryptionKeysWithTimestamps:", "result":"Success", "context":Key timestamps[5]:[2021-02-27T10:48:32Z][2021-09-01T01:55:10Z][2024-10-08T08:20:31Z][2025-05-29T11:59:46Z][2025-11-26T05:46:24Z]}
{"logTime": "0112/102235", "correlationVector":"uDFFRYeNxbJpk5tsCOYA9V.1","action":"SyncServerConnectionManagerRequest", "result":"SYNC_SERVER_OK", "context":{"environment":"Prod_westeurope_prod-s01-080-eur-westeurope", "migrationStage":"NotStarted", "server":"akswtt11000000e"}}
{"logTime": "0112/102235", "correlationVector":"uDFFRYeNxbJpk5tsCOYA9V.2","action":"ProcessGetUpdates", "result":"Done", "context":{"dataType":"Encryption Keys", "deleted":"0", "process_failed_to_decrypt":"0", "process_pending_decryption":"0", "process_success":"1", "total":"1"}}
{"logTime": "0112/102236", "correlationVector":"7Vz00XSal+n8FkrFUodpye","action":"Initial GetUpdates", "result":"", "context":Reason: NEW_CLIENT. cV=7Vz00XSal+n8FkrFUodpye}
{"logTime": "0112/102236", "correlationVector":"rRzgOB0sQtMjv5hbsHJVw2.0","action":"GetUpdates Response", "result":"Network error (ERR_SOCKET_NOT_CONNECTED)", "context":Received error: Network error (ERR_SOCKET_NOT_CONNECTED). }
{"logTime": "0112/102236", "correlationVector":"uDFFRYeNxbJpk5tsCOYA9V","action":"Initial GetUpdates", "result":"", "context":Reason: NEW_CLIENT. cV=uDFFRYeNxbJpk5tsCOYA9V}
{"logTime": "0112/102236", "correlationVector":"uDFFRYeNxbJpk5tsCOYA9V.3","action":"GetUpdates Response", "result":"Success", "context":Received 1 update(s). cV=uDFFRYeNxbJpk5tsCOYA9V.0;server=akswtt11000000e;cloudType=Consumer;environment=Prod_westeurope_prod-s01-080-eur-westeurope;migrationStage=NotStarted}
{"logTime": "0112/102237", "correlationVector":"yFOPj9GayLv+Hmr9wokDHF","action":"Initial GetUpdates", "result":"", "context":Reason: NEW_CLIENT. cV=yFOPj9GayLv+Hmr9wokDHF}
{"logTime": "0112/102239", "correlationVector":"yFOPj9GayLv+Hmr9wokDHF.1","action":"SyncServerConnectionManagerRequest", "result":"SYNC_SERVER_OK", "context":{"environment":"Prod_westeurope_prod-s01-080-eur-westeurope", "migrationStage":"NotStarted", "server":"akswtt11000000g"}}
{"logTime": "0112/102239", "correlationVector":"yFOPj9GayLv+Hmr9wokDHF.2","action":"ProcessGetUpdates", "result":"Done", "context":{"dataType":"Preferences", "deleted":"0", "process_failed_to_decrypt":"0", "process_pending_decryption":"0", "process_success":"55", "total":"55"}}
{"logTime": "0112/102239", "correlationVector":"yFOPj9GayLv+Hmr9wokDHF.3","action":"ProcessGetUpdates", "result":"Done", "context":{"dataType":"Passwords", "deleted":"0", "process_failed_to_decrypt":"0", "process_pending_decryption":"0", "process_success":"3", "total":"3"}}
{"logTime": "0112/102239", "correlationVector":"yFOPj9GayLv+Hmr9wokDHF.4","action":"GetUpdates Response", "result":"Success", "context":Received 58 update(s). cV=yFOPj9GayLv+Hmr9wokDHF.0;server=akswtt11000000g;cloudType=Consumer;environment=Prod_westeurope_prod-s01-080-eur-westeurope;migrationStage=NotStarted}
{"logTime": "0112/102243", "correlationVector":"Jaroukmx4MIao2MZ7Li4RG","action":"Initial GetUpdates", "result":"", "context":Reason: NEW_CLIENT. cV=Jaroukmx4MIao2MZ7Li4RG}
{"logTime": "0112/102248", "correlationVector":"Jaroukmx4MIao2MZ7Li4RG.1","action":"SyncServerConnectionManagerRequest", "result":"SYNC_SERVER_OK", "context":{"environment":"Prod_westeurope_prod-s01-079-eur-westeurope", "migrationStage":"NotStarted", "server":"akswtt11100000b"}}
{"logTime": "0112/102248", "correlationVector":"Jaroukmx4MIao2MZ7Li4RG.2","action":"ProcessGetUpdates", "result":"Done", "context":{"dataType":"Bookmarks", "deleted":"0", "process_failed_to_decrypt":"0", "process_pending_decryption":"0", "process_success":"6", "total":"6"}}
{"logTime": "0112/102248", "correlationVector":"Jaroukmx4MIao2MZ7Li4RG.3","action":"GetUpdates Response", "result":"Success", "context":Received 6 update(s). cV=Jaroukmx4MIao2MZ7Li4RG.0;server=akswtt11100000b;cloudType=Consumer;environment=Prod_westeurope_prod-s01-079-eur-westeurope;migrationStage=NotStarted}
{"logTime": "0112/102248", "correlationVector":"eLgsVBovfAC6kJ/suH0WRQ","action":"Initial GetUpdates", "result":"", "context":Reason: NEW_CLIENT. cV=eLgsVBovfAC6kJ/suH0WRQ}
{"logTime": "0112/102249", "correlationVector":"eLgsVBovfAC6kJ/suH0WRQ.1","action":"SyncServerConnectionManagerRequest", "result":"SYNC_SERVER_OK", "context":{"environment":"Prod_westeurope_prod-s01-079-eur-westeurope", "migrationStage":"NotStarted", "server":"akswtt11100000b"}}
{"logTime": "0112/102249", "correlationVector":"eLgsVBovfAC6kJ/suH0WRQ.2","action":"ProcessGetUpdates", "result":"Done", "context":{"dataType":"Autofill Profiles", "deleted":"0", "process_failed_to_decrypt":"0", "process_pending_decryption":"0", "process_success":"1", "total":"1"}}
{"logTime": "0112/102249", "correlationVector":"eLgsVBovfAC6kJ/suH0WRQ.3","action":"ProcessGetUpdates", "result":"Done", "context":{"dataType":"Autofill", "deleted":"0", "process_failed_to_decrypt":"0", "process_pending_decryption":"0", "process_success":"18", "total":"18"}}
{"logTime": "0112/102249", "correlationVector":"eLgsVBovfAC6kJ/suH0WRQ.4","action":"ProcessGetUpdates", "result":"Done", "context":{"dataType":"Sessions", "deleted":"0", "process_failed_to_decrypt":"0", "process_pending_decryption":"0", "process_success":"2", "total":"2"}}
{"logTime": "0112/102249", "correlationVector":"eLgsVBovfAC6kJ/suH0WRQ.5","action":"GetUpdates Response", "result":"Success", "context":Received 21 update(s). cV=eLgsVBovfAC6kJ/suH0WRQ.0;server=akswtt11100000b;cloudType=Consumer;environment=Prod_westeurope_prod-s01-079-eur-westeurope;migrationStage=NotStarted}
{"logTime": "0112/102251", "correlationVector":"n2ZedEgGBVyjkY2HhDwE/y","action":"Initial GetUpdates", "result":"", "context":Reason: NEW_CLIENT. cV=n2ZedEgGBVyjkY2HhDwE/y}
{"logTime": "0112/102259", "correlationVector":"n2ZedEgGBVyjkY2HhDwE/y.1","action":"SyncServerConnectionManagerRequest", "result":"SYNC_SERVER_OK", "context":{"environment":"Prod_westeurope_prod-s01-080-eur-westeurope", "migrationStage":"NotStarted", "server":"akswtt11000000t"}}
{"logTime": "0112/102259", "correlationVector":"n2ZedEgGBVyjkY2HhDwE/y.2","action":"GetUpdates Response", "result":"Success", "context":Received 0 update(s). cV=n2ZedEgGBVyjkY2HhDwE/y.0;server=akswtt11000000t;cloudType=Consumer;environment=Prod_westeurope_prod-s01-080-eur-westeurope;migrationStage=NotStarted}
{"logTime": "0112/102300", "correlationVector":"T5LG1hCmHCtBSfdUACOq41","action":"Normal GetUpdate request", "result":"", "context":cV=T5LG1hCmHCtBSfdUACOq41
Nudged types: Sessions, Device Info, User Consents
Refresh requested types: Bookmarks, Preferences, Passwords, Autofill Profiles, Autofill, Extensions, Sessions, Extension settings, History Delete Directives, Device Info, User Consents, Send Tab To Self, Web Apps, History, Saved Tab Group, WebAuthn Credentials, Collection, Edge E Drop, Edge Hub App Usage, Edge Wallet, Encryption Keys}
{"logTime": "0112/102301", "correlationVector":"T5LG1hCmHCtBSfdUACOq41.1","action":"SyncServerConnectionManagerRequest", "result":"SYNC_SERVER_OK", "context":{"environment":"Prod_westeurope_prod-s01-080-eur-westeurope", "migrationStage":"NotStarted", "server":"akswtt11000000t"}}
{"logTime": "0112/102303", "correlationVector":"T5LG1hCmHCtBSfdUACOq41.2","action":"GetUpdates Response", "result":"Success", "context":Received 0 update(s). cV=T5LG1hCmHCtBSfdUACOq41.0;server=akswtt11000000t;cloudType=Consumer;environment=Prod_westeurope_prod-s01-080-eur-westeurope;migrationStage=NotStarted}
{"logTime": "0112/102305", "correlationVector":"fhdDfFYZTmZ5AhohbozDEp","action":"DoCompareDataConsistency requsted types: ", "result":"Bookmarks, Preferences, Passwords, Extensions, Extension settings, History Delete Directives, Send Tab To Self, Web Apps, History, Saved Tab Group, WebAuthn Credentials, Collection, Edge E Drop, Edge Wallet, Encryption Keys"}
{"logTime": "0112/102305", "correlationVector":"fhdDfFYZTmZ5AhohbozDEp.0","action":"CompareDataConsistency result: ", "result":"Compare result: Encryption Keys is consistent. local entities count is: 1 local entities hash is: HMYRvx/g6X+qwemjrr9JK0YmpT8="}
{"logTime": "0112/102305", "correlationVector":"fhdDfFYZTmZ5AhohbozDEp.1","action":"CompareDataConsistency result: ", "result":"Compare result: Bookmarks is consistent. local entities count is: 0 local entities hash is: "}
{"logTime": "0112/102305", "correlationVector":"fhdDfFYZTmZ5AhohbozDEp.2","action":"CompareDataConsistency result: ", "result":"Compare result: Preferences is consistent. local entities count is: 55 local entities hash is: /5N1XOicQgL4ErvJOipo8Ie8WFU="}
{"logTime": "0112/102305", "correlationVector":"fhdDfFYZTmZ5AhohbozDEp.3","action":"CompareDataConsistency result: ", "result":"Compare result: Passwords is consistent. local entities count is: 3 local entities hash is: 2jds5n6yPns7r/hlv0ufxHf3XwU="}
{"logTime": "0112/102305", "correlationVector":"fhdDfFYZTmZ5AhohbozDEp.4","action":"CompareDataConsistency result: ", "result":"Compare result: Extensions is consistent. local entities count is: 0 local entities hash is: "}
{"logTime": "0112/102305", "correlationVector":"fhdDfFYZTmZ5AhohbozDEp.5","action":"CompareDataConsistency result: ", "result":"Compare result: Extension settings is consistent. local entities count is: 0 local entities hash is: "}
{"logTime": "0112/102305", "correlationVector":"fhdDfFYZTmZ5AhohbozDEp.6","action":"CompareDataConsistency result: ", "result":"Compare result: History Delete Directives is consistent. local entities count is: 0 local entities hash is: "}
{"logTime": "0112/102305", "correlationVector":"fhdDfFYZTmZ5AhohbozDEp.7","action":"CompareDataConsistency result: ", "result":"Server did not send this Send Tab To Self local entities count is: 0 local entities hash is: "}
{"logTime": "0112/102305", "correlationVector":"fhdDfFYZTmZ5AhohbozDEp.8","action":"CompareDataConsistency result: ", "result":"Compare result: Web Apps is consistent. local entities count is: 0 local entities hash is: "}
{"logTime": "0112/102305", "correlationVector":"fhdDfFYZTmZ5AhohbozDEp.9","action":"CompareDataConsistency result: ", "result":"Server did not send this History local entities count is: 0 local entities hash is: "}
{"logTime": "0112/102305", "correlationVector":"fhdDfFYZTmZ5AhohbozDEp.10","action":"CompareDataConsistency result: ", "result":"Compare result: Saved Tab Group is consistent. local entities count is: 0 local entities hash is: "}
{"logTime": "0112/102305", "correlationVector":"fhdDfFYZTmZ5AhohbozDEp.11","action":"CompareDataConsistency result: ", "result":"Server did not send this WebAuthn Credentials local entities count is: 0 local entities hash is: "}
{"logTime": "0112/102305", "correlationVector":"fhdDfFYZTmZ5AhohbozDEp.12","action":"CompareDataConsistency result: ", "result":"Compare result: Collection is consistent. local entities count is: 0 local entities hash is: "}
{"logTime": "0112/102305", "correlationVector":"fhdDfFYZTmZ5AhohbozDEp.13","action":"CompareDataConsistency result: ", "result":"Compare result: Edge E Drop is consistent. local entities count is: 0 local entities hash is: "}
{"logTime": "0112/102305", "correlationVector":"fhdDfFYZTmZ5AhohbozDEp.14","action":"CompareDataConsistency result: ", "result":"Compare result: Edge Wallet is consistent. local entities count is: 0 local entities hash is: "}
{"logTime": "0112/102306", "correlationVector":"CXrhV0WwtDhx67YF3Ctno3","action":"Commit Request", "result":"", "context":Item count: 4
Contributing types: Sessions, Device Info, User Consents}
{"logTime": "0112/102309", "correlationVector":"CXrhV0WwtDhx67YF3Ctno3.1","action":"SyncServerConnectionManagerRequest", "result":"SYNC_SERVER_OK", "context":{"environment":"Prod_westeurope_prod-s01-079-eur-westeurope", "migrationStage":"NotStarted", "server":"akswtt11100000k"}}
{"logTime": "0112/102309", "correlationVector":"CXrhV0WwtDhx67YF3Ctno3.2","action":"Commit Response", "result":"Success", "context":Result: Success. cV=CXrhV0WwtDhx67YF3Ctno3.0;server=akswtt11100000k;cloudType=Consumer;environment=Prod_westeurope_prod-s01-079-eur-westeurope;migrationStage=NotStarted}
{"logTime": "0112/102309", "correlationVector":"","action":"DIAGNOSTIC_REQUEST|v1/diagnosticData/Diagnostic.SendCheckResult()|SUCCESS", "result":""}
{"logTime": "0112/113349", "correlationVector":"Xbg/8wPvSHNwEsHZQcGQon","action":"Commit Request", "result":"", "context":Item count: 1
Contributing types: History}
{"logTime": "0112/113407", "correlationVector":"Xbg/8wPvSHNwEsHZQcGQon.1","action":"SyncServerConnectionManagerRequest", "result":"SYNC_SERVER_OK", "context":{"environment":"Prod_westeurope_prod-s01-080-eur-westeurope", "migrationStage":"NotStarted", "server":"akswtt11000000k"}}
{"logTime": "0112/113407", "correlationVector":"Xbg/8wPvSHNwEsHZQcGQon.2","action":"Commit Response", "result":"Success", "context":Result: Success. cV=Xbg/8wPvSHNwEsHZQcGQon.0;server=akswtt11000000k;cloudType=Consumer;environment=Prod_westeurope_prod-s01-080-eur-westeurope;migrationStage=NotStarted}
