2026-01-12 10:20:27.588: [INFO][Sync] Reset engine, reason: 8
2026-01-12 10:20:27.597: [INFO][Sync] Stopped: Bookmarks
2026-01-12 10:20:27.597: [INFO][Sync] Stopped: Preferences
2026-01-12 10:20:27.599: [INFO][Sync] Stopped: Passwords
2026-01-12 10:20:27.599: [INFO][Sync] Stopped: Autofill Profiles
2026-01-12 10:20:27.599: [INFO][Sync] Stopped: Autofill
2026-01-12 10:20:27.599: [INFO][Sync] Stopped: Extensions
2026-01-12 10:20:27.609: [INFO][Sync] Stopped: Sessions
2026-01-12 10:20:27.609: [INFO][Sync] Stopped: Extension settings
2026-01-12 10:20:27.609: [INFO][Sync] Stopped: History Delete Directives
2026-01-12 10:20:27.609: [INFO][Sync] Stopped: Device Info
2026-01-12 10:20:27.609: [INFO][Sync] Stopped: User Consents
2026-01-12 10:20:27.609: [INFO][Sync] Stopped: Send Tab To Self
2026-01-12 10:20:27.609: [INFO][Sync] Stopped: Web Apps
2026-01-12 10:20:27.609: [INFO][Sync] Stopped: History
2026-01-12 10:20:27.609: [INFO][Sync] Stopped: Saved Tab Group
2026-01-12 10:20:27.609: [INFO][Sync] Stopped: WebAuthn Credentials
2026-01-12 10:20:27.619: [INFO][Sync] Stopped: Collection
2026-01-12 10:20:27.620: [INFO][Sync] Stopped: Edge E Drop
2026-01-12 10:20:27.620: [INFO][Sync] Stopped: Edge Hub App Usage
2026-01-12 10:20:27.620: [INFO][Sync] Stopped: Edge Wallet
2026-01-12 10:20:27.707: [INFO][Sync] SyncState after authenticated was: NotSignedIn
2026-01-12 10:20:37.302: [INFO][Sync] Reset engine, reason: 8
2026-01-12 10:20:37.306: [INFO][Sync] Stopped: Bookmarks
2026-01-12 10:20:37.306: [INFO][Sync] Stopped: Preferences
2026-01-12 10:20:37.308: [INFO][Sync] Stopped: Passwords
2026-01-12 10:20:37.308: [INFO][Sync] Stopped: Autofill Profiles
2026-01-12 10:20:37.308: [INFO][Sync] Stopped: Autofill
2026-01-12 10:20:37.308: [INFO][Sync] Stopped: Extensions
2026-01-12 10:20:37.308: [INFO][Sync] Stopped: Sessions
2026-01-12 10:20:37.308: [INFO][Sync] Stopped: Extension settings
2026-01-12 10:20:37.308: [INFO][Sync] Stopped: History Delete Directives
2026-01-12 10:20:37.308: [INFO][Sync] Stopped: Device Info
2026-01-12 10:20:37.309: [INFO][Sync] Stopped: User Consents
2026-01-12 10:20:37.309: [INFO][Sync] Stopped: Send Tab To Self
2026-01-12 10:20:37.309: [INFO][Sync] Stopped: Web Apps
2026-01-12 10:20:37.309: [INFO][Sync] Stopped: History
2026-01-12 10:20:37.309: [INFO][Sync] Stopped: Saved Tab Group
2026-01-12 10:20:37.309: [INFO][Sync] Stopped: WebAuthn Credentials
2026-01-12 10:20:37.310: [INFO][Sync] Stopped: Collection
2026-01-12 10:20:37.310: [INFO][Sync] Stopped: Edge E Drop
2026-01-12 10:20:37.310: [INFO][Sync] Stopped: Edge Hub App Usage
2026-01-12 10:20:37.310: [INFO][Sync] Stopped: Edge Wallet
2026-01-12 10:21:50.083: [INFO][Sync] Try to start sync engine
2026-01-12 10:21:51.669: [INFO][SyncManagerImpl::NudgeForInitialDownload] Initial download nudge for Encryption Keys
2026-01-12 10:21:51.669: [INFO][SyncEngineBackend::LoadAndConnectNigoriController] Load and connect Nigori controller
2026-01-12 10:21:51.669: [INFO][SyncEngineBackend::DoInitialize] Control Types added: Encryption Keys
2026-01-12 10:21:51.669: [INFO][SyncManagerImpl::ConfigureSyncer] Types to download: Encryption Keys with reason: 3
2026-01-12 10:21:51.672: [INFO][SyncSchedulerImpl::DoConfigurationSyncCycleJob] Configure job was blocked
2026-01-12 10:21:53.500: [INFO][SyncAuthManager::SetLastAuthError] Current auth error: None
2026-01-12 10:21:53.500: [INFO][SyncAuthManager::EdgeLogTokenErrorState] Token error with: None for account type: MSA
2026-01-12 10:21:53.505: [INFO][Sync] Credentials changed for: EdgeSyncScopeNew
2026-01-12 10:22:03.841: [INFO][SyncAuthManager::SetLastAuthError] Current auth error: None
2026-01-12 10:22:03.844: [INFO][SyncAuthManager::EdgeLogTokenErrorState] Token error with: None for account type: MSA
2026-01-12 10:22:03.845: [INFO][Sync] Credentials changed for: EdgeSyncKeyDataScope
2026-01-12 10:22:03.888: [INFO][SyncEngineBackend::DoUpdateKeyDataCredentials] Update key data credentials
2026-01-12 10:22:03.902: [INFO][SyncEngineBackend::DoUpdateCredentials] Update credentials
2026-01-12 10:22:03.926: [INFO][SyncSchedulerImpl::DoConfigurationSyncCycleJob] Blocked types:  and types to download: Encryption Keys
2026-01-12 10:22:18.173: [INFO][SyncSchedulerImpl::OnSyncNetworkError] Syncer error: Network error (ERR_SOCKET_NOT_CONNECTED)
2026-01-12 10:22:18.744: [WARN][Sync] NetworkError: Network error (ERR_SOCKET_NOT_CONNECTED)
2026-01-12 10:22:18.753: [INFO][SyncSchedulerImpl::DoConfigurationSyncCycleJob] Syncer error: Network error (ERR_SOCKET_NOT_CONNECTED)
2026-01-12 10:22:32.936: [INFO][SyncSchedulerImpl::DoConfigurationSyncCycleJob] Blocked types:  and types to download: Encryption Keys
2026-01-12 10:22:36.318: [INFO][Sync] Started DataTypeManager configuration, reason: 4
2026-01-12 10:22:36.319: [INFO][Sync] Configuring for: Bookmarks, Preferences, Passwords, Autofill Profiles, Autofill, Extensions, Sessions, Extension settings, History Delete Directives, Device Info, User Consents, Send Tab To Self, Web Apps, History, Saved Tab Group, WebAuthn Credentials, Collection, Edge E Drop, Edge Hub App Usage, Edge Wallet, Encryption Keys, reason: 3, current state: 0
2026-01-12 10:22:36.323: [INFO][SyncEngineBackend::DoStartConfiguration] Start configuration
2026-01-12 10:22:36.329: [INFO][Sync] Configure, desired: Bookmarks, Preferences, Passwords, Autofill Profiles, Autofill, Extensions, Sessions, Extension settings, History Delete Directives, Device Info, User Consents, Send Tab To Self, Web Apps, History, Saved Tab Group, WebAuthn Credentials, Collection, Edge E Drop, Edge Hub App Usage, Edge Wallet, Encryption Keys; Allow fail: 
2026-01-12 10:22:36.335: [INFO][Sync] Loading: Bookmarks
2026-01-12 10:22:36.336: [INFO][Sync] Loading: Preferences
2026-01-12 10:22:36.337: [INFO][Sync] Loading: Passwords
2026-01-12 10:22:36.337: [INFO][Sync] Loading: Autofill Profiles
2026-01-12 10:22:36.337: [INFO][Sync] Loading: Autofill
2026-01-12 10:22:36.338: [INFO][Sync] Loading: Extensions
2026-01-12 10:22:36.346: [INFO][Sync] Loading: Sessions
2026-01-12 10:22:36.346: [INFO][Sync] Loading: Extension settings
2026-01-12 10:22:36.347: [INFO][Sync] Loading: History Delete Directives
2026-01-12 10:22:36.348: [INFO][Sync] Loading: Device Info
2026-01-12 10:22:36.418: [INFO][Sync] Loading: User Consents
2026-01-12 10:22:36.418: [INFO][Sync] Loading: Send Tab To Self
2026-01-12 10:22:36.429: [INFO][Sync] Loading: Web Apps
2026-01-12 10:22:36.429: [INFO][Sync] Loading: History
2026-01-12 10:22:36.430: [INFO][Sync] Loading: Saved Tab Group
2026-01-12 10:22:36.435: [INFO][Sync] Loading: WebAuthn Credentials
2026-01-12 10:22:36.435: [INFO][Sync] Loading: Collection
2026-01-12 10:22:36.435: [INFO][Sync] Loading: Edge E Drop
2026-01-12 10:22:36.435: [INFO][Sync] Loading: Edge Hub App Usage
2026-01-12 10:22:36.435: [INFO][Sync] Loading: Edge Wallet
2026-01-12 10:22:36.726: [INFO][Sync] All data types are ready for configure.
2026-01-12 10:22:36.755: [INFO][SyncManagerImpl::NudgeForInitialDownload] Initial download nudge for Bookmarks
2026-01-12 10:22:36.755: [INFO][SyncManagerImpl::NudgeForInitialDownload] Initial download nudge for Preferences
2026-01-12 10:22:36.755: [INFO][SyncManagerImpl::NudgeForInitialDownload] Initial download nudge for Passwords
2026-01-12 10:22:36.759: [INFO][SyncManagerImpl::NudgeForInitialDownload] Initial download nudge for Autofill Profiles
2026-01-12 10:22:36.759: [INFO][SyncManagerImpl::NudgeForInitialDownload] Initial download nudge for Autofill
2026-01-12 10:22:36.759: [INFO][SyncManagerImpl::NudgeForInitialDownload] Initial download nudge for Extensions
2026-01-12 10:22:36.759: [INFO][SyncManagerImpl::NudgeForInitialDownload] Initial download nudge for Sessions
2026-01-12 10:22:36.759: [INFO][SyncManagerImpl::NudgeForInitialDownload] Initial download nudge for Extension settings
2026-01-12 10:22:36.760: [INFO][SyncManagerImpl::NudgeForInitialDownload] Initial download nudge for History Delete Directives
2026-01-12 10:22:36.760: [INFO][SyncManagerImpl::NudgeForInitialDownload] Initial download nudge for Device Info
2026-01-12 10:22:36.760: [INFO][SyncManagerImpl::NudgeForInitialDownload] Initial download nudge for Send Tab To Self
2026-01-12 10:22:36.760: [INFO][SyncManagerImpl::NudgeForInitialDownload] Initial download nudge for Web Apps
2026-01-12 10:22:36.760: [INFO][SyncManagerImpl::NudgeForInitialDownload] Initial download nudge for History
2026-01-12 10:22:36.760: [INFO][SyncManagerImpl::NudgeForInitialDownload] Initial download nudge for Saved Tab Group
2026-01-12 10:22:36.760: [INFO][SyncManagerImpl::NudgeForInitialDownload] Initial download nudge for WebAuthn Credentials
2026-01-12 10:22:36.760: [INFO][SyncManagerImpl::NudgeForInitialDownload] Initial download nudge for Collection
2026-01-12 10:22:36.760: [INFO][SyncManagerImpl::NudgeForInitialDownload] Initial download nudge for Edge E Drop
2026-01-12 10:22:36.760: [INFO][SyncManagerImpl::NudgeForInitialDownload] Initial download nudge for Edge Hub App Usage
2026-01-12 10:22:36.760: [INFO][SyncManagerImpl::NudgeForInitialDownload] Initial download nudge for Edge Wallet
2026-01-12 10:22:36.760: [INFO][SyncManagerImpl::ConfigureSyncer] Types to download:  with reason: 3
2026-01-12 10:22:36.867: [INFO][SyncEngineBackend::DoFinishConfigureDataTypes] Failed to download types:  and succeeded types: 
2026-01-12 10:22:36.869: [INFO][Sync] ConfigurationDone, failed: , succeeded: , remaining count: 4
2026-01-12 10:22:36.869: [INFO][Sync] Prepare to configure types: Preferences, Passwords, Device Info, Send Tab To Self, Edge E Drop, Encryption Keys
2026-01-12 10:22:37.085: [INFO][SyncManagerImpl::ConfigureSyncer] Types to download: Preferences, Passwords, Device Info, Send Tab To Self, Edge E Drop, Encryption Keys with reason: 3
2026-01-12 10:22:37.085: [INFO][SyncSchedulerImpl::DoConfigurationSyncCycleJob] Blocked types:  and types to download: Preferences, Passwords, Device Info, Send Tab To Self, Edge E Drop, Encryption Keys
2026-01-12 10:22:39.838: [INFO][SyncEngineBackend::DoFinishConfigureDataTypes] Failed to download types:  and succeeded types: Preferences, Passwords, Device Info, Send Tab To Self, Edge E Drop, Encryption Keys
2026-01-12 10:22:43.542: [INFO][Sync] ConfigurationDone, failed: , succeeded: Preferences, Passwords, Device Info, Send Tab To Self, Edge E Drop, Encryption Keys, remaining count: 3
2026-01-12 10:22:43.542: [INFO][Sync] Prepare to configure types: Bookmarks, Encryption Keys
2026-01-12 10:22:43.542: [INFO][SyncManagerImpl::ConfigureSyncer] Types to download: Bookmarks, Encryption Keys with reason: 3
2026-01-12 10:22:43.542: [INFO][SyncSchedulerImpl::DoConfigurationSyncCycleJob] Blocked types:  and types to download: Bookmarks, Encryption Keys
2026-01-12 10:22:48.436: [INFO][SyncEngineBackend::DoFinishConfigureDataTypes] Failed to download types:  and succeeded types: Bookmarks, Encryption Keys
2026-01-12 10:22:48.438: [INFO][Sync] ConfigurationDone, failed: , succeeded: Bookmarks, Encryption Keys, remaining count: 2
2026-01-12 10:22:48.438: [INFO][Sync] Prepare to configure types: Autofill Profiles, Autofill, Extensions, Sessions, Extension settings, History Delete Directives, Web Apps, Saved Tab Group, WebAuthn Credentials, Collection, Edge Hub App Usage, Edge Wallet, Encryption Keys
2026-01-12 10:22:48.438: [INFO][SyncManagerImpl::ConfigureSyncer] Types to download: Autofill Profiles, Autofill, Extensions, Sessions, Extension settings, History Delete Directives, Web Apps, Saved Tab Group, WebAuthn Credentials, Collection, Edge Hub App Usage, Edge Wallet, Encryption Keys with reason: 3
2026-01-12 10:22:48.439: [INFO][SyncSchedulerImpl::DoConfigurationSyncCycleJob] Blocked types:  and types to download: Autofill Profiles, Autofill, Extensions, Sessions, Extension settings, History Delete Directives, Web Apps, Saved Tab Group, WebAuthn Credentials, Collection, Edge Hub App Usage, Edge Wallet, Encryption Keys
2026-01-12 10:22:51.053: [INFO][SyncEngineBackend::DoFinishConfigureDataTypes] Failed to download types:  and succeeded types: Autofill Profiles, Autofill, Extensions, Sessions, Extension settings, History Delete Directives, Web Apps, Saved Tab Group, WebAuthn Credentials, Collection, Edge Hub App Usage, Edge Wallet, Encryption Keys
2026-01-12 10:22:51.239: [INFO][Sync] ConfigurationDone, failed: , succeeded: Autofill Profiles, Autofill, Extensions, Sessions, Extension settings, History Delete Directives, Web Apps, Saved Tab Group, WebAuthn Credentials, Collection, Edge Hub App Usage, Edge Wallet, Encryption Keys, remaining count: 1
2026-01-12 10:22:51.368: [INFO][Sync] Prepare to configure types: History, Encryption Keys
2026-01-12 10:22:51.368: [INFO][SyncManagerImpl::ConfigureSyncer] Types to download: History, Encryption Keys with reason: 3
2026-01-12 10:22:51.368: [INFO][SyncSchedulerImpl::DoConfigurationSyncCycleJob] Blocked types:  and types to download: History, Encryption Keys
2026-01-12 10:22:59.780: [INFO][SyncEngineBackend::DoFinishConfigureDataTypes] Failed to download types:  and succeeded types: History, Encryption Keys
2026-01-12 10:22:59.782: [INFO][Sync] ConfigurationDone, failed: , succeeded: History, Encryption Keys, remaining count: 0
2026-01-12 10:22:59.788: [INFO][Sync]     Configuration completed, state: 3
2026-01-12 10:22:59.801: [INFO][Sync] Configured DataTypeManager: Ok
2026-01-12 10:23:00.191: [INFO][SyncEngineBackend::DoStartSyncing] Start syncing
